2025-06-02 00:28:20.112 [info] [main] Log level: Info
2025-06-02 00:28:20.112 [info] [main] Validating found git in: "git"
2025-06-02 00:28:20.113 [info] [main] Using git "2.43.0" from "git"
2025-06-02 00:28:20.113 [info] [Model][doInitialScan] Initial repository scan started
2025-06-02 00:28:20.113 [info] > git rev-parse --show-toplevel [183ms]
2025-06-02 00:28:20.113 [info] > git rev-parse --git-dir --git-common-dir [4674ms]
2025-06-02 00:28:20.113 [info] [Model][openRepository] Opened repository: /home/cowboysrule2727
2025-06-02 00:28:20.113 [info] > git rev-parse --show-toplevel [43ms]
2025-06-02 00:28:20.113 [info] > git config --get commit.template [52ms]
2025-06-02 00:28:20.534 [info] > git for-each-ref --format=%(refname)%00%(upstream:short)%00%(objectname)%00%(upstream:track)%00%(upstream:remotename)%00%(upstream:remoteref) refs/heads/master refs/remotes/master [367ms]
2025-06-02 00:28:20.562 [info] > git rev-parse --git-dir --git-common-dir [416ms]
2025-06-02 00:28:20.576 [info] [Model][openRepository] Opened repository: /home/cowboysrule2727/cloudshell_open/terraform-google-three-tier-web-app
2025-06-02 00:28:20.671 [info] > git status -z -uall [124ms]
2025-06-02 00:28:20.710 [info] > git for-each-ref --sort -committerdate --format %(refname) %(objectname) %(*objectname) [147ms]
2025-06-02 00:28:20.763 [info] > git check-ignore -v -z --stdin [33ms]
2025-06-02 00:28:20.807 [info] > git rev-parse --show-toplevel [192ms]
2025-06-02 00:28:20.808 [info] > git config --get commit.template [202ms]
2025-06-02 00:28:20.880 [info] > git for-each-ref --format=%(refname)%00%(upstream:short)%00%(objectname)%00%(upstream:track)%00%(upstream:remotename)%00%(upstream:remoteref) refs/heads/master refs/remotes/master [52ms]
2025-06-02 00:28:20.991 [info] > git config --get commit.template [131ms]
2025-06-02 00:28:20.991 [info] > git rev-parse --show-toplevel [143ms]
2025-06-02 00:28:21.049 [info] > git for-each-ref --format=%(refname)%00%(upstream:short)%00%(objectname)%00%(upstream:track)%00%(upstream:remotename)%00%(upstream:remoteref) refs/heads/main refs/remotes/main [138ms]
2025-06-02 00:28:21.050 [info] > git config --local branch.master.vscode-merge-base [152ms]
2025-06-02 00:28:21.050 [warning] [Git][config] git config failed: Failed to execute git
2025-06-02 00:28:21.106 [warning] [Git][revParse] Unable to read file: ENOENT: no such file or directory, open '/home/cowboysrule2727/cloudshell_open/terraform-google-three-tier-web-app/.git/refs/remotes/origin/main'
2025-06-02 00:28:21.117 [info] > git rev-parse --show-toplevel [90ms]
2025-06-02 00:28:21.194 [info] > git rev-parse refs/remotes/origin/main [88ms]
2025-06-02 00:28:21.224 [info] > git for-each-ref --format=%(refname)%00%(upstream:short)%00%(objectname)%00%(upstream:track)%00%(upstream:remotename)%00%(upstream:remoteref) refs/heads/master refs/remotes/master [127ms]
2025-06-02 00:28:21.257 [info] > git reflog master --grep-reflog=branch: Created from *. [194ms]
2025-06-02 00:28:21.297 [info] > git status -z -uall [93ms]
2025-06-02 00:28:21.300 [info] > git for-each-ref --sort -committerdate --format %(refname) %(objectname) %(*objectname) [43ms]
2025-06-02 00:28:21.304 [info] > git for-each-ref --sort -committerdate --format %(refname) %(objectname) %(*objectname) [84ms]
2025-06-02 00:28:21.338 [info] > git rev-parse --show-toplevel [151ms]
2025-06-02 00:28:21.369 [info] > git status -z -uall [133ms]
2025-06-02 00:28:21.369 [info] > git for-each-ref --format=%(refname)%00%(upstream:short)%00%(objectname)%00%(upstream:track)%00%(upstream:remotename)%00%(upstream:remoteref) refs/heads/main refs/remotes/main [39ms]
2025-06-02 00:28:21.405 [info] > git symbolic-ref --short refs/remotes/origin/HEAD [124ms]
2025-06-02 00:28:21.405 [info] fatal: ref refs/remotes/origin/HEAD is not a symbolic ref
2025-06-02 00:28:21.405 [warning] [Repository][getDefaultBranch] Failed to get default branch details: Failed to execute git.
2025-06-02 00:28:21.417 [info] > git for-each-ref --format=%(refname)%00%(upstream:short)%00%(objectname)%00%(upstream:track)%00%(upstream:remotename)%00%(upstream:remoteref) refs/heads/master refs/remotes/master [15ms]
2025-06-02 00:28:21.428 [info] > git config --local branch.main.vscode-merge-base [45ms]
2025-06-02 00:28:21.438 [info] > git rev-parse --show-toplevel [74ms]
2025-06-02 00:28:21.440 [info] > git config --get commit.template [85ms]
2025-06-02 00:28:21.460 [info] > git for-each-ref --format=%(refname)%00%(upstream:short)%00%(objectname)%00%(upstream:track)%00%(upstream:remotename)%00%(upstream:remoteref) refs/heads/origin/main refs/remotes/origin/main [21ms]
2025-06-02 00:28:21.481 [info] > git config --local branch.master.vscode-merge-base [51ms]
2025-06-02 00:28:21.481 [warning] [Git][config] git config failed: Failed to execute git
2025-06-02 00:28:21.700 [info] > git reflog master --grep-reflog=branch: Created from *. [194ms]
2025-06-02 00:28:21.722 [info] > git merge-base refs/heads/main refs/remotes/origin/main [247ms]
2025-06-02 00:28:21.748 [info] > git rev-parse --show-toplevel [293ms]
2025-06-02 00:28:21.870 [info] > git check-ignore -v -z --stdin [97ms]
2025-06-02 00:28:21.871 [info] > git check-ignore -v -z --stdin [63ms]
2025-06-02 00:28:21.875 [info] > git diff --name-status -z --diff-filter=ADMR 68edfe6c7d476431997df966b6b16d3063fd9105...refs/remotes/origin/main [127ms]
2025-06-02 00:28:21.876 [info] > git symbolic-ref --short refs/remotes/origin/HEAD [154ms]
2025-06-02 00:28:21.879 [info] fatal: ref refs/remotes/origin/HEAD is not a symbolic ref
2025-06-02 00:28:21.879 [warning] [Repository][getDefaultBranch] Failed to get default branch details: Failed to execute git.
2025-06-02 00:28:21.880 [info] > git for-each-ref --format=%(refname)%00%(upstream:short)%00%(objectname)%00%(upstream:track)%00%(upstream:remotename)%00%(upstream:remoteref) refs/heads/main refs/remotes/main [228ms]
2025-06-02 00:28:21.919 [warning] [Git][revParse] Unable to read file: ENOENT: no such file or directory, open '/home/cowboysrule2727/cloudshell_open/terraform-google-three-tier-web-app/.git/refs/remotes/origin/main'
2025-06-02 00:28:21.921 [info] > git rev-parse --show-toplevel [56ms]
2025-06-02 00:28:21.953 [info] > git rev-parse refs/remotes/origin/main [33ms]
2025-06-02 00:28:22.001 [info] > git status -z -uall [29ms]
2025-06-02 00:28:22.010 [info] > git rev-parse --show-toplevel [64ms]
2025-06-02 00:28:22.012 [info] [Model][doInitialScan] Initial repository scan completed - repositories (2), closed repositories (0), parent repositories (0), unsafe repositories (0)
2025-06-02 00:28:22.069 [info] > git show --textconv :main.tf [31ms]
2025-06-02 00:28:22.073 [info] > git for-each-ref --sort -committerdate --format %(refname) %(objectname) %(*objectname) [78ms]
2025-06-02 00:28:22.127 [info] > git ls-files --stage -- /home/cowboysrule2727/cloudshell_open/terraform-google-three-tier-web-app/main.tf [66ms]
2025-06-02 00:28:22.241 [info] > git cat-file -s 46e46de7014fdbbd9fbbcbabf4c97ddb781acb3c [93ms]
2025-06-02 00:28:22.598 [info] > git log --format=%H%n%aN%n%aE%n%at%n%ct%n%P%n%D%n%B -z --shortstat --diff-merges=first-parent -n50 --skip=0 --topo-order --decorate=full --stdin [920ms]
2025-06-02 00:28:26.431 [info] > git config --get commit.template [53ms]
2025-06-02 00:28:26.512 [info] > git for-each-ref --format=%(refname)%00%(upstream:short)%00%(objectname)%00%(upstream:track)%00%(upstream:remotename)%00%(upstream:remoteref) refs/heads/master refs/remotes/master [46ms]
2025-06-02 00:28:26.623 [info] > git for-each-ref --sort -committerdate --format %(refname) %(objectname) %(*objectname) [16ms]
2025-06-02 00:28:26.640 [info] > git status -z -uall [85ms]
2025-06-02 00:28:33.424 [info] > git config --get commit.template [10ms]
2025-06-02 00:28:33.483 [info] > git for-each-ref --format=%(refname)%00%(upstream:short)%00%(objectname)%00%(upstream:track)%00%(upstream:remotename)%00%(upstream:remoteref) refs/heads/master refs/remotes/master [19ms]
2025-06-02 00:28:33.580 [info] > git for-each-ref --sort -committerdate --format %(refname) %(objectname) %(*objectname) [37ms]
2025-06-02 00:28:33.623 [info] > git status -z -uall [106ms]
2025-06-02 00:30:39.339 [info] > git config --get commit.template [11ms]
2025-06-02 00:30:39.340 [info] > git for-each-ref --format=%(refname)%00%(upstream:short)%00%(objectname)%00%(upstream:track)%00%(upstream:remotename)%00%(upstream:remoteref) refs/heads/master refs/remotes/master [4ms]
2025-06-02 00:30:39.369 [info] > git for-each-ref --sort -committerdate --format %(refname) %(objectname) %(*objectname) [4ms]
2025-06-02 00:30:39.381 [info] > git status -z -uall [32ms]
2025-06-02 00:30:53.546 [info] > git config --get commit.template [11ms]
2025-06-02 00:30:53.547 [info] > git for-each-ref --format=%(refname)%00%(upstream:short)%00%(objectname)%00%(upstream:track)%00%(upstream:remotename)%00%(upstream:remoteref) refs/heads/master refs/remotes/master [3ms]
2025-06-02 00:30:53.579 [info] > git for-each-ref --sort -committerdate --format %(refname) %(objectname) %(*objectname) [8ms]
2025-06-02 00:30:53.588 [info] > git status -z -uall [33ms]
2025-06-02 00:30:54.897 [info] > git ls-files --stage -- /home/cowboysrule2727/cloudshell_open/terraform-google-three-tier-web-app/main.tf [3ms]
2025-06-02 00:30:54.907 [info] > git cat-file -s 46e46de7014fdbbd9fbbcbabf4c97ddb781acb3c [2ms]
2025-06-02 00:30:54.951 [info] > git show --textconv :main.tf [3ms]
2025-06-02 00:30:58.611 [info] [Git][getRemotes] No remotes found in the git config file
2025-06-02 00:30:58.612 [info] > git config --get commit.template [9ms]
2025-06-02 00:30:58.613 [info] > git for-each-ref --format=%(refname)%00%(upstream:short)%00%(objectname)%00%(upstream:track)%00%(upstream:remotename)%00%(upstream:remoteref) refs/heads/master refs/remotes/master [2ms]
2025-06-02 00:30:58.660 [info] > git for-each-ref --sort -committerdate --format %(refname) %(objectname) %(*objectname) [4ms]
2025-06-02 00:30:58.674 [info] > git status -z -uall [52ms]
