Initializing document watcher...
Document watcher initialized
/User/settings.json: Using EditorConfig core...
cowboysrule2727/cloudshell_open/terraform-google-three-tier-web-app/main.tf: {}
cowboysrule2727/cloudshell_open/terraform-google-three-tier-web-app/outputs.tf: {}
cowboysrule2727/cloudshell_open/terraform-google-three-tier-web-app/outputs.tf: {}
cowboysrule2727/cloudshell_open/terraform-google-three-tier-web-app/outputs.tf: {}
cowboysrule2727/cloudshell_open/terraform-google-three-tier-web-app/outputs.tf: {}
cowboysrule2727/cloudshell_open/terraform-google-three-tier-web-app/CHANGELOG.md: {}
cowboysrule2727/cloudshell_open/terraform-google-three-tier-web-app/versions.tf: {}
cowboysrule2727/cloudshell_open/terraform-google-three-tier-web-app/versions.tf: {}
cowboysrule2727/cloudshell_open/terraform-google-three-tier-web-app/terraform.tfvars: {}
cowboysrule2727/cloudshell_open/terraform-google-three-tier-web-app/terraform.tfvars: {}
cowboysrule2727/cloudshell_open/terraform-google-three-tier-web-app/terraform.tfvars: Using EditorConfig core...
cowboysrule2727/cloudshell_open/terraform-google-three-tier-web-app/terraform.tfvars: Using EditorConfig core...
cowboysrule2727/cloudshell_open/terraform-google-three-tier-web-app/variables.tf: {}
cowboysrule2727/cloudshell_open/terraform-google-three-tier-web-app/variables.tf: {}
cowboysrule2727/cloudshell_open/terraform-google-three-tier-web-app/versions.tf: {}
cowboysrule2727/cloudshell_open/terraform-google-three-tier-web-app/variables.tf: {}
cowboysrule2727/cloudshell_open/terraform-google-three-tier-web-app/variables.tf: {}
cowboysrule2727/cloudshell_open/terraform-google-three-tier-web-app/variables.tf: {}
cowboysrule2727/cloudshell_open/terraform-google-three-tier-web-app/variables.tf: {}
cowboysrule2727/cloudshell_open/terraform-google-three-tier-web-app/variables.tf: {}
cowboysrule2727/cloudshell_open/terraform-google-three-tier-web-app/variables.tf: {}
cowboysrule2727/cloudshell_open/terraform-google-three-tier-web-app/variables.tf: {}
cowboysrule2727/cloudshell_open/terraform-google-three-tier-web-app/main.tf: {}
cowboysrule2727/cloudshell_open/terraform-google-three-tier-web-app/main.tf: {}
cowboysrule2727/cloudshell_open/terraform-google-three-tier-web-app/main.tf: {}
cowboysrule2727/cloudshell_open/terraform-google-three-tier-web-app/main.tf: {}
cowboysrule2727/cloudshell_open/terraform-google-three-tier-web-app/main.tf: Using EditorConfig core...
cowboysrule2727/cloudshell_open/terraform-google-three-tier-web-app/main.tf: Using EditorConfig core...
cowboysrule2727/cloudshell_open/terraform-google-three-tier-web-app/main.tf: {}
cowboysrule2727/cloudshell_open/terraform-google-three-tier-web-app/main.tf: {}
cowboysrule2727/cloudshell_open/terraform-google-three-tier-web-app/main.tf: {}
cowboysrule2727/cloudshell_open/terraform-google-three-tier-web-app/main.tf: {}
cowboysrule2727/cloudshell_open/terraform-google-three-tier-web-app/main.tf: {}
cowboysrule2727/Untitled-1: {}
cowboysrule2727/Untitled-1: {}
/User/settings.json: Using EditorConfig core...
cowboysrule2727/cloudshell_open/terraform-google-three-tier-web-app/main.tf: {}
cowboysrule2727/cloudshell_open/terraform-google-three-tier-web-app/main.tf: {}
cowboysrule2727/cloudshell_open/terraform-google-three-tier-web-app/main.tf: {}
cowboysrule2727/cloudshell_open/terraform-google-three-tier-web-app/assets/three_tier_web_app_v4.svg: {}
cowboysrule2727/cloudshell_open/terraform-google-three-tier-web-app/assets/three_tier_web_app_v4.svg: {}
cowboysrule2727/cloudshell_open/terraform-google-three-tier-web-app/main.tf: {}
cowboysrule2727/cloudshell_open/terraform-google-three-tier-web-app/main.tf: {}
cowboysrule2727/README-cloudshell.txt: {}
cowboysrule2727/cloudshell_open/terraform-google-three-tier-web-app/main.tf: {}
cowboysrule2727/cloudshell_open/terraform-google-three-tier-web-app/main.tf: {}
cowboysrule2727/cloudshell_open/terraform-google-three-tier-web-app/main.tf: {}
cowboysrule2727/Untitled-1: {}
cowboysrule2727/Untitled-1: {}
cowboysrule2727/cloudshell_open/terraform-google-three-tier-web-app/main.tf: {}
cowboysrule2727/cloudshell_open/terraform-google-three-tier-web-app/main.tf: {}
cowboysrule2727/cloudshell_open/terraform-google-three-tier-web-app/main.tf: Using EditorConfig core...
cowboysrule2727/cloudshell_open/terraform-google-three-tier-web-app/main.tf: Using EditorConfig core...
cowboysrule2727/Untitled-1: {}
cowboysrule2727/Untitled-1: {}
cowboysrule2727/Untitled-1: {}
cowboysrule2727/cloudshell_open/terraform-google-three-tier-web-app/.gitignore: Using EditorConfig core...
cowboysrule2727/cloudshell_open/terraform-google-three-tier-web-app/.gitignore: {}
cowboysrule2727/cloudshell_open/terraform-google-three-tier-web-app/.gitignore: Using EditorConfig core...
cowboysrule2727/cloudshell_open/terraform-google-three-tier-web-app/.gitignore: {}
cowboysrule2727/cloudshell_open/terraform-google-three-tier-web-app/.gitignore: Using EditorConfig core...
cowboysrule2727/cloudshell_open/terraform-google-three-tier-web-app/main.tf: {}
cowboysrule2727/cloudshell_open/terraform-google-three-tier-web-app/LICENSE: {}
cowboysrule2727/cloudshell_open/terraform-google-three-tier-web-app/main.tf: {}
cowboysrule2727/cloudshell_open/terraform-google-three-tier-web-app/main.tf: {}
cowboysrule2727/cloudshell_open/terraform-google-three-tier-web-app/main.tf: {}
cowboysrule2727/cloudshell_open/terraform-google-three-tier-web-app/main.tf: {}
cowboysrule2727/cloudshell_open/terraform-google-three-tier-web-app/main.tf: {}
cowboysrule2727/cloudshell_open/terraform-google-three-tier-web-app/main.tf: {}
cowboysrule2727/cloudshell_open/terraform-google-three-tier-web-app/main.tf: {}
cowboysrule2727/cloudshell_open/terraform-google-three-tier-web-app/main.tf: {}
cowboysrule2727/cloudshell_open/terraform-google-three-tier-web-app/main.tf: {}
cowboysrule2727/cloudshell_open/terraform-google-three-tier-web-app/main.tf: {}
cowboysrule2727/cloudshell_open/terraform-google-three-tier-web-app/main.tf: {}
cowboysrule2727/cloudshell_open/terraform-google-three-tier-web-app/main.tf: {}
cowboysrule2727/cloudshell_open/terraform-google-three-tier-web-app/main.tf: {}
cowboysrule2727/cloudshell_open/terraform-google-three-tier-web-app/main.tf: {}
cowboysrule2727/cloudshell_open/terraform-google-three-tier-web-app/main.tf: {}
No more open editors.
No more open editors.
cowboysrule2727/cloudshell_open/terraform-google-three-tier-web-app/main.tf: {}
