2025-06-01 23:04:15.012 [info] Extension host with pid 1263 started
2025-06-01 23:04:15.114 [info] ExtensionService#_doActivateExtension vscode.emmet, startup: false, activationEvent: 'onLanguage'
2025-06-01 23:04:15.167 [info] Lock '/home/cowboysrule2727/.codeoss/data/User/workspaceStorage/-4ab9afe0/vscode.lock': Lock acquired.
2025-06-01 23:04:15.245 [info] ExtensionService#_doActivateExtension vscode.git-base, startup: true, activationEvent: '*', root cause: vscode.git
2025-06-01 23:04:15.292 [info] ExtensionService#_doActivateExtension vscode.git, startup: true, activationEvent: '*'
2025-06-01 23:04:15.293 [info] ExtensionService#_doActivateExtension vscode.github, startup: true, activationEvent: '*'
2025-06-01 23:04:15.698 [info] Eager extensions activated
2025-06-01 23:04:15.699 [info] ExtensionService#_doActivateExtension EditorConfig.EditorConfig, startup: false, activationEvent: 'onStartupFinished'
2025-06-01 23:04:15.699 [info] ExtensionService#_doActivateExtension google.cloud-shell, startup: false, activationEvent: 'onStartupFinished'
2025-06-01 23:04:15.700 [info] ExtensionService#_doActivateExtension google.geminicodeassist, startup: false, activationEvent: 'onStartupFinished', root cause: googlecloudtools.cloudcode
2025-06-01 23:04:15.700 [info] ExtensionService#_doActivateExtension vscode.debug-auto-launch, startup: false, activationEvent: 'onStartupFinished'
2025-06-01 23:04:15.701 [info] ExtensionService#_doActivateExtension vscode.merge-conflict, startup: false, activationEvent: 'onStartupFinished'
2025-06-01 23:04:17.676 [info] ExtensionService#_doActivateExtension vscode.configuration-editing, startup: false, activationEvent: 'onLanguage:jsonc'
2025-06-01 23:04:17.682 [info] ExtensionService#_doActivateExtension vscode.json-language-features, startup: false, activationEvent: 'onLanguage:jsonc'
2025-06-01 23:04:17.683 [info] ExtensionService#_doActivateExtension vscode.typescript-language-features, startup: false, activationEvent: 'onLanguage:jsonc'
2025-06-01 23:04:17.926 [info] ExtensionService#_doActivateExtension googlecloudtools.cloudcode, startup: false, activationEvent: 'onStartupFinished'
2025-06-01 23:04:20.179 [error] onWillSaveTextDocument-listener from extension 'EditorConfig.EditorConfig' threw ERROR
2025-06-01 23:04:20.185 [error] Error: timeout
    at Timeout._onTimeout (file:///google/devshell/editor/code-oss-for-cloud-shell/out/vs/workbench/api/node/extensionHostProcess.js:137:99781)
    at listOnTimeout (node:internal/timers:581:17)
    at processTimers (node:internal/timers:519:7)
2025-06-01 23:04:21.722 [error] Urt@https://970-cs-85ac4826-5893-4021-b331-df6c9b616137.cs-us-central1-pits.cloudshell.dev/cde-d01d834f3344e6805bf387b0af30da16011b98c9/static/out/vs/code/browser/workbench/workbench.js:8:153
$tryOpenDocument@https://970-cs-85ac4826-5893-4021-b331-df6c9b616137.cs-us-central1-pits.cloudshell.dev/cde-d01d834f3344e6805bf387b0af30da16011b98c9/static/out/vs/code/browser/workbench/workbench.js:619:8481

2025-06-01 23:29:34.024 [info] ExtensionService#_doActivateExtension ms-dotnettools.vscode-dotnet-runtime, startup: false, activationEvent: 'onStartupFinished'
2025-06-01 23:58:30.505 [info] Extension host terminating: renderer disconnected for too long (2)
2025-06-01 23:58:30.595 [info] Lock '/home/cowboysrule2727/.codeoss/data/User/workspaceStorage/-4ab9afe0/vscode.lock': Marking the lockfile as scheduled to be released in 6000 ms.
2025-06-01 23:58:30.658 [info] Extension host with pid 1263 exiting with code 0
